The system is: Linux - 5.4.0-89-generic - x86_64
Compiling the CXX compiler identification source file "CMakeCXXCompilerId.cpp" succeeded.
Compiler: /usr/bin/c++ 
Build flags: 
Id flags:  

The output was:
0


Compilation of the CXX compiler identification source "CMakeCXXCompilerId.cpp" produced "a.out"

The CXX compiler identification is GNU, found in "/build/KLEE/CMakeFiles/3.10.2/CompilerIdCXX/a.out"

Compiling the C compiler identification source file "CMakeCCompilerId.c" succeeded.
Compiler: /usr/bin/cc 
Build flags: 
Id flags:  

The output was:
0


Compilation of the C compiler identification source "CMakeCCompilerId.c" produced "a.out"

The C compiler identification is GNU, found in "/build/KLEE/CMakeFiles/3.10.2/CompilerIdC/a.out"

Determining if the CXX compiler works passed with the following output:
Change Dir: /build/KLEE/CMakeFiles/CMakeTmp

Run Build Command:"/usr/bin/make" "cmTC_60646/fast"
/usr/bin/make -f CMakeFiles/cmTC_60646.dir/build.make CMakeFiles/cmTC_60646.dir/build
make[1]: Entering directory '/build/KLEE/CMakeFiles/CMakeTmp'
Building CXX object CMakeFiles/cmTC_60646.dir/testCXXCompiler.cxx.o
/usr/bin/c++     -o CMakeFiles/cmTC_60646.dir/testCXXCompiler.cxx.o -c /build/KLEE/CMakeFiles/CMakeTmp/testCXXCompiler.cxx
Linking CXX executable cmTC_60646
/usr/bin/cmake -E cmake_link_script CMakeFiles/cmTC_60646.dir/link.txt --verbose=1
/usr/bin/c++       -rdynamic CMakeFiles/cmTC_60646.dir/testCXXCompiler.cxx.o  -o cmTC_60646 
make[1]: Leaving directory '/build/KLEE/CMakeFiles/CMakeTmp'


Detecting CXX compiler ABI info compiled with the following output:
Change Dir: /build/KLEE/CMakeFiles/CMakeTmp

Run Build Command:"/usr/bin/make" "cmTC_bc841/fast"
/usr/bin/make -f CMakeFiles/cmTC_bc841.dir/build.make CMakeFiles/cmTC_bc841.dir/build
make[1]: Entering directory '/build/KLEE/CMakeFiles/CMakeTmp'
Building CXX object CMakeFiles/cmTC_bc841.dir/CMakeCXXCompilerABI.cpp.o
/usr/bin/c++     -o CMakeFiles/cmTC_bc841.dir/CMakeCXXCompilerABI.cpp.o -c /usr/share/cmake-3.10/Modules/CMakeCXXCompilerABI.cpp
Linking CXX executable cmTC_bc841
/usr/bin/cmake -E cmake_link_script CMakeFiles/cmTC_bc841.dir/link.txt --verbose=1
/usr/bin/c++      -v -rdynamic CMakeFiles/cmTC_bc841.dir/CMakeCXXCompilerABI.cpp.o  -o cmTC_bc841 
Using built-in specs.
COLLECT_GCC=/usr/bin/c++
COLLECT_LTO_WRAPPER=/usr/lib/gcc/x86_64-linux-gnu/7/lto-wrapper
OFFLOAD_TARGET_NAMES=nvptx-none
OFFLOAD_TARGET_DEFAULT=1
Target: x86_64-linux-gnu
Configured with: ../src/configure -v --with-pkgversion='Ubuntu 7.5.0-3ubuntu1~18.04' --with-bugurl=file:///usr/share/doc/gcc-7/README.Bugs --enable-languages=c,ada,c++,go,brig,d,fortran,objc,obj-c++ --prefix=/usr --with-gcc-major-version-only --program-suffix=-7 --program-prefix=x86_64-linux-gnu- --enable-shared --enable-linker-build-id --libexecdir=/usr/lib --without-included-gettext --enable-threads=posix --libdir=/usr/lib --enable-nls --enable-bootstrap --enable-clocale=gnu --enable-libstdcxx-debug --enable-libstdcxx-time=yes --with-default-libstdcxx-abi=new --enable-gnu-unique-object --disable-vtable-verify --enable-libmpx --enable-plugin --enable-default-pie --with-system-zlib --with-target-system-zlib --enable-objc-gc=auto --enable-multiarch --disable-werror --with-arch-32=i686 --with-abi=m64 --with-multilib-list=m32,m64,mx32 --enable-multilib --with-tune=generic --enable-offload-targets=nvptx-none --without-cuda-driver --enable-checking=release --build=x86_64-linux-gnu --host=x86_64-linux-gnu --target=x86_64-linux-gnu
Thread model: posix
gcc version 7.5.0 (Ubuntu 7.5.0-3ubuntu1~18.04) 
COMPILER_PATH=/usr/lib/gcc/x86_64-linux-gnu/7/:/usr/lib/gcc/x86_64-linux-gnu/7/:/usr/lib/gcc/x86_64-linux-gnu/:/usr/lib/gcc/x86_64-linux-gnu/7/:/usr/lib/gcc/x86_64-linux-gnu/
LIBRARY_PATH=/usr/lib/gcc/x86_64-linux-gnu/7/:/usr/lib/gcc/x86_64-linux-gnu/7/../../../x86_64-linux-gnu/:/usr/lib/gcc/x86_64-linux-gnu/7/../../../../lib/:/lib/x86_64-linux-gnu/:/lib/../lib/:/usr/lib/x86_64-linux-gnu/:/usr/lib/../lib/:/usr/lib/gcc/x86_64-linux-gnu/7/../../../:/lib/:/usr/lib/
COLLECT_GCC_OPTIONS='-v' '-rdynamic' '-o' 'cmTC_bc841' '-shared-libgcc' '-mtune=generic' '-march=x86-64'
 /usr/lib/gcc/x86_64-linux-gnu/7/collect2 -plugin /usr/lib/gcc/x86_64-linux-gnu/7/liblto_plugin.so -plugin-opt=/usr/lib/gcc/x86_64-linux-gnu/7/lto-wrapper -plugin-opt=-fresolution=/tmp/cc3Yfwcz.res -plugin-opt=-pass-through=-lgcc_s -plugin-opt=-pass-through=-lgcc -plugin-opt=-pass-through=-lc -plugin-opt=-pass-through=-lgcc_s -plugin-opt=-pass-through=-lgcc --build-id --eh-frame-hdr -m elf_x86_64 --hash-style=gnu --as-needed -export-dynamic -dynamic-linker /lib64/ld-linux-x86-64.so.2 -pie -z now -z relro -o cmTC_bc841 /usr/lib/gcc/x86_64-linux-gnu/7/../../../x86_64-linux-gnu/Scrt1.o /usr/lib/gcc/x86_64-linux-gnu/7/../../../x86_64-linux-gnu/crti.o /usr/lib/gcc/x86_64-linux-gnu/7/crtbeginS.o -L/usr/lib/gcc/x86_64-linux-gnu/7 -L/usr/lib/gcc/x86_64-linux-gnu/7/../../../x86_64-linux-gnu -L/usr/lib/gcc/x86_64-linux-gnu/7/../../../../lib -L/lib/x86_64-linux-gnu -L/lib/../lib -L/usr/lib/x86_64-linux-gnu -L/usr/lib/../lib -L/usr/lib/gcc/x86_64-linux-gnu/7/../../.. CMakeFiles/cmTC_bc841.dir/CMakeCXXCompilerABI.cpp.o -lstdc++ -lm -lgcc_s -lgcc -lc -lgcc_s -lgcc /usr/lib/gcc/x86_64-linux-gnu/7/crtendS.o /usr/lib/gcc/x86_64-linux-gnu/7/../../../x86_64-linux-gnu/crtn.o
COLLECT_GCC_OPTIONS='-v' '-rdynamic' '-o' 'cmTC_bc841' '-shared-libgcc' '-mtune=generic' '-march=x86-64'
make[1]: Leaving directory '/build/KLEE/CMakeFiles/CMakeTmp'


Parsed CXX implicit link information from above output:
  link line regex: [^( *|.*[/\])(ld|CMAKE_LINK_STARTFILE-NOTFOUND|([^/\]+-)?ld|collect2)[^/\]*( |$)]
  ignore line: [Change Dir: /build/KLEE/CMakeFiles/CMakeTmp]
  ignore line: []
  ignore line: [Run Build Command:"/usr/bin/make" "cmTC_bc841/fast"]
  ignore line: [/usr/bin/make -f CMakeFiles/cmTC_bc841.dir/build.make CMakeFiles/cmTC_bc841.dir/build]
  ignore line: [make[1]: Entering directory '/build/KLEE/CMakeFiles/CMakeTmp']
  ignore line: [Building CXX object CMakeFiles/cmTC_bc841.dir/CMakeCXXCompilerABI.cpp.o]
  ignore line: [/usr/bin/c++     -o CMakeFiles/cmTC_bc841.dir/CMakeCXXCompilerABI.cpp.o -c /usr/share/cmake-3.10/Modules/CMakeCXXCompilerABI.cpp]
  ignore line: [Linking CXX executable cmTC_bc841]
  ignore line: [/usr/bin/cmake -E cmake_link_script CMakeFiles/cmTC_bc841.dir/link.txt --verbose=1]
  ignore line: [/usr/bin/c++      -v -rdynamic CMakeFiles/cmTC_bc841.dir/CMakeCXXCompilerABI.cpp.o  -o cmTC_bc841 ]
  ignore line: [Using built-in specs.]
  ignore line: [COLLECT_GCC=/usr/bin/c++]
  ignore line: [COLLECT_LTO_WRAPPER=/usr/lib/gcc/x86_64-linux-gnu/7/lto-wrapper]
  ignore line: [OFFLOAD_TARGET_NAMES=nvptx-none]
  ignore line: [OFFLOAD_TARGET_DEFAULT=1]
  ignore line: [Target: x86_64-linux-gnu]
  ignore line: [Configured with: ../src/configure -v --with-pkgversion='Ubuntu 7.5.0-3ubuntu1~18.04' --with-bugurl=file:///usr/share/doc/gcc-7/README.Bugs --enable-languages=c,ada,c++,go,brig,d,fortran,objc,obj-c++ --prefix=/usr --with-gcc-major-version-only --program-suffix=-7 --program-prefix=x86_64-linux-gnu- --enable-shared --enable-linker-build-id --libexecdir=/usr/lib --without-included-gettext --enable-threads=posix --libdir=/usr/lib --enable-nls --enable-bootstrap --enable-clocale=gnu --enable-libstdcxx-debug --enable-libstdcxx-time=yes --with-default-libstdcxx-abi=new --enable-gnu-unique-object --disable-vtable-verify --enable-libmpx --enable-plugin --enable-default-pie --with-system-zlib --with-target-system-zlib --enable-objc-gc=auto --enable-multiarch --disable-werror --with-arch-32=i686 --with-abi=m64 --with-multilib-list=m32,m64,mx32 --enable-multilib --with-tune=generic --enable-offload-targets=nvptx-none --without-cuda-driver --enable-checking=release --build=x86_64-linux-gnu --host=x86_64-linux-gnu --target=x86_64-linux-gnu]
  ignore line: [Thread model: posix]
  ignore line: [gcc version 7.5.0 (Ubuntu 7.5.0-3ubuntu1~18.04) ]
  ignore line: [COMPILER_PATH=/usr/lib/gcc/x86_64-linux-gnu/7/:/usr/lib/gcc/x86_64-linux-gnu/7/:/usr/lib/gcc/x86_64-linux-gnu/:/usr/lib/gcc/x86_64-linux-gnu/7/:/usr/lib/gcc/x86_64-linux-gnu/]
  ignore line: [LIBRARY_PATH=/usr/lib/gcc/x86_64-linux-gnu/7/:/usr/lib/gcc/x86_64-linux-gnu/7/../../../x86_64-linux-gnu/:/usr/lib/gcc/x86_64-linux-gnu/7/../../../../lib/:/lib/x86_64-linux-gnu/:/lib/../lib/:/usr/lib/x86_64-linux-gnu/:/usr/lib/../lib/:/usr/lib/gcc/x86_64-linux-gnu/7/../../../:/lib/:/usr/lib/]
  ignore line: [COLLECT_GCC_OPTIONS='-v' '-rdynamic' '-o' 'cmTC_bc841' '-shared-libgcc' '-mtune=generic' '-march=x86-64']
  link line: [ /usr/lib/gcc/x86_64-linux-gnu/7/collect2 -plugin /usr/lib/gcc/x86_64-linux-gnu/7/liblto_plugin.so -plugin-opt=/usr/lib/gcc/x86_64-linux-gnu/7/lto-wrapper -plugin-opt=-fresolution=/tmp/cc3Yfwcz.res -plugin-opt=-pass-through=-lgcc_s -plugin-opt=-pass-through=-lgcc -plugin-opt=-pass-through=-lc -plugin-opt=-pass-through=-lgcc_s -plugin-opt=-pass-through=-lgcc --build-id --eh-frame-hdr -m elf_x86_64 --hash-style=gnu --as-needed -export-dynamic -dynamic-linker /lib64/ld-linux-x86-64.so.2 -pie -z now -z relro -o cmTC_bc841 /usr/lib/gcc/x86_64-linux-gnu/7/../../../x86_64-linux-gnu/Scrt1.o /usr/lib/gcc/x86_64-linux-gnu/7/../../../x86_64-linux-gnu/crti.o /usr/lib/gcc/x86_64-linux-gnu/7/crtbeginS.o -L/usr/lib/gcc/x86_64-linux-gnu/7 -L/usr/lib/gcc/x86_64-linux-gnu/7/../../../x86_64-linux-gnu -L/usr/lib/gcc/x86_64-linux-gnu/7/../../../../lib -L/lib/x86_64-linux-gnu -L/lib/../lib -L/usr/lib/x86_64-linux-gnu -L/usr/lib/../lib -L/usr/lib/gcc/x86_64-linux-gnu/7/../../.. CMakeFiles/cmTC_bc841.dir/CMakeCXXCompilerABI.cpp.o -lstdc++ -lm -lgcc_s -lgcc -lc -lgcc_s -lgcc /usr/lib/gcc/x86_64-linux-gnu/7/crtendS.o /usr/lib/gcc/x86_64-linux-gnu/7/../../../x86_64-linux-gnu/crtn.o]
    arg [/usr/lib/gcc/x86_64-linux-gnu/7/collect2] ==> ignore
    arg [-plugin] ==> ignore
    arg [/usr/lib/gcc/x86_64-linux-gnu/7/liblto_plugin.so] ==> ignore
    arg [-plugin-opt=/usr/lib/gcc/x86_64-linux-gnu/7/lto-wrapper] ==> ignore
    arg [-plugin-opt=-fresolution=/tmp/cc3Yfwcz.res] ==> ignore
    arg [-plugin-opt=-pass-through=-lgcc_s] ==> ignore
    arg [-plugin-opt=-pass-through=-lgcc] ==> ignore
    arg [-plugin-opt=-pass-through=-lc] ==> ignore
    arg [-plugin-opt=-pass-through=-lgcc_s] ==> ignore
    arg [-plugin-opt=-pass-through=-lgcc] ==> ignore
    arg [--build-id] ==> ignore
    arg [--eh-frame-hdr] ==> ignore
    arg [-m] ==> ignore
    arg [elf_x86_64] ==> ignore
    arg [--hash-style=gnu] ==> ignore
    arg [--as-needed] ==> ignore
    arg [-export-dynamic] ==> ignore
    arg [-dynamic-linker] ==> ignore
    arg [/lib64/ld-linux-x86-64.so.2] ==> ignore
    arg [-pie] ==> ignore
    arg [-znow] ==> ignore
    arg [-zrelro] ==> ignore
    arg [-o] ==> ignore
    arg [cmTC_bc841] ==> ignore
    arg [/usr/lib/gcc/x86_64-linux-gnu/7/../../../x86_64-linux-gnu/Scrt1.o] ==> ignore
    arg [/usr/lib/gcc/x86_64-linux-gnu/7/../../../x86_64-linux-gnu/crti.o] ==> ignore
    arg [/usr/lib/gcc/x86_64-linux-gnu/7/crtbeginS.o] ==> ignore
    arg [-L/usr/lib/gcc/x86_64-linux-gnu/7] ==> dir [/usr/lib/gcc/x86_64-linux-gnu/7]
    arg [-L/usr/lib/gcc/x86_64-linux-gnu/7/../../../x86_64-linux-gnu] ==> dir [/usr/lib/gcc/x86_64-linux-gnu/7/../../../x86_64-linux-gnu]
    arg [-L/usr/lib/gcc/x86_64-linux-gnu/7/../../../../lib] ==> dir [/usr/lib/gcc/x86_64-linux-gnu/7/../../../../lib]
    arg [-L/lib/x86_64-linux-gnu] ==> dir [/lib/x86_64-linux-gnu]
    arg [-L/lib/../lib] ==> dir [/lib/../lib]
    arg [-L/usr/lib/x86_64-linux-gnu] ==> dir [/usr/lib/x86_64-linux-gnu]
    arg [-L/usr/lib/../lib] ==> dir [/usr/lib/../lib]
    arg [-L/usr/lib/gcc/x86_64-linux-gnu/7/../../..] ==> dir [/usr/lib/gcc/x86_64-linux-gnu/7/../../..]
    arg [CMakeFiles/cmTC_bc841.dir/CMakeCXXCompilerABI.cpp.o] ==> ignore
    arg [-lstdc++] ==> lib [stdc++]
    arg [-lm] ==> lib [m]
    arg [-lgcc_s] ==> lib [gcc_s]
    arg [-lgcc] ==> lib [gcc]
    arg [-lc] ==> lib [c]
    arg [-lgcc_s] ==> lib [gcc_s]
    arg [-lgcc] ==> lib [gcc]
    arg [/usr/lib/gcc/x86_64-linux-gnu/7/crtendS.o] ==> ignore
    arg [/usr/lib/gcc/x86_64-linux-gnu/7/../../../x86_64-linux-gnu/crtn.o] ==> ignore
  collapse library dir [/usr/lib/gcc/x86_64-linux-gnu/7] ==> [/usr/lib/gcc/x86_64-linux-gnu/7]
  collapse library dir [/usr/lib/gcc/x86_64-linux-gnu/7/../../../x86_64-linux-gnu] ==> [/usr/lib/x86_64-linux-gnu]
  collapse library dir [/usr/lib/gcc/x86_64-linux-gnu/7/../../../../lib] ==> [/usr/lib]
  collapse library dir [/lib/x86_64-linux-gnu] ==> [/lib/x86_64-linux-gnu]
  collapse library dir [/lib/../lib] ==> [/lib]
  collapse library dir [/usr/lib/x86_64-linux-gnu] ==> [/usr/lib/x86_64-linux-gnu]
  collapse library dir [/usr/lib/../lib] ==> [/usr/lib]
  collapse library dir [/usr/lib/gcc/x86_64-linux-gnu/7/../../..] ==> [/usr/lib]
  implicit libs: [stdc++;m;gcc_s;gcc;c;gcc_s;gcc]
  implicit dirs: [/usr/lib/gcc/x86_64-linux-gnu/7;/usr/lib/x86_64-linux-gnu;/usr/lib;/lib/x86_64-linux-gnu;/lib]
  implicit fwks: []




Detecting CXX [-std=c++1z] compiler features compiled with the following output:
Change Dir: /build/KLEE/CMakeFiles/CMakeTmp

Run Build Command:"/usr/bin/make" "cmTC_5271b/fast"
/usr/bin/make -f CMakeFiles/cmTC_5271b.dir/build.make CMakeFiles/cmTC_5271b.dir/build
make[1]: Entering directory '/build/KLEE/CMakeFiles/CMakeTmp'
Building CXX object CMakeFiles/cmTC_5271b.dir/feature_tests.cxx.o
/usr/bin/c++    -std=c++1z -o CMakeFiles/cmTC_5271b.dir/feature_tests.cxx.o -c /build/KLEE/CMakeFiles/feature_tests.cxx
Linking CXX executable cmTC_5271b
/usr/bin/cmake -E cmake_link_script CMakeFiles/cmTC_5271b.dir/link.txt --verbose=1
/usr/bin/c++       -rdynamic CMakeFiles/cmTC_5271b.dir/feature_tests.cxx.o  -o cmTC_5271b 
make[1]: Leaving directory '/build/KLEE/CMakeFiles/CMakeTmp'


    Feature record: CXX_FEATURE:1cxx_aggregate_default_initializers
    Feature record: CXX_FEATURE:1cxx_alias_templates
    Feature record: CXX_FEATURE:1cxx_alignas
    Feature record: CXX_FEATURE:1cxx_alignof
    Feature record: CXX_FEATURE:1cxx_attributes
    Feature record: CXX_FEATURE:1cxx_attribute_deprecated
    Feature record: CXX_FEATURE:1cxx_auto_type
    Feature record: CXX_FEATURE:1cxx_binary_literals
    Feature record: CXX_FEATURE:1cxx_constexpr
    Feature record: CXX_FEATURE:1cxx_contextual_conversions
    Feature record: CXX_FEATURE:1cxx_decltype
    Feature record: CXX_FEATURE:1cxx_decltype_auto
    Feature record: CXX_FEATURE:1cxx_decltype_incomplete_return_types
    Feature record: CXX_FEATURE:1cxx_default_function_template_args
    Feature record: CXX_FEATURE:1cxx_defaulted_functions
    Feature record: CXX_FEATURE:1cxx_defaulted_move_initializers
    Feature record: CXX_FEATURE:1cxx_delegating_constructors
    Feature record: CXX_FEATURE:1cxx_deleted_functions
    Feature record: CXX_FEATURE:1cxx_digit_separators
    Feature record: CXX_FEATURE:1cxx_enum_forward_declarations
    Feature record: CXX_FEATURE:1cxx_explicit_conversions
    Feature record: CXX_FEATURE:1cxx_extended_friend_declarations
    Feature record: CXX_FEATURE:1cxx_extern_templates
    Feature record: CXX_FEATURE:1cxx_final
    Feature record: CXX_FEATURE:1cxx_func_identifier
    Feature record: CXX_FEATURE:1cxx_generalized_initializers
    Feature record: CXX_FEATURE:1cxx_generic_lambdas
    Feature record: CXX_FEATURE:1cxx_inheriting_constructors
    Feature record: CXX_FEATURE:1cxx_inline_namespaces
    Feature record: CXX_FEATURE:1cxx_lambdas
    Feature record: CXX_FEATURE:1cxx_lambda_init_captures
    Feature record: CXX_FEATURE:1cxx_local_type_template_args
    Feature record: CXX_FEATURE:1cxx_long_long_type
    Feature record: CXX_FEATURE:1cxx_noexcept
    Feature record: CXX_FEATURE:1cxx_nonstatic_member_init
    Feature record: CXX_FEATURE:1cxx_nullptr
    Feature record: CXX_FEATURE:1cxx_override
    Feature record: CXX_FEATURE:1cxx_range_for
    Feature record: CXX_FEATURE:1cxx_raw_string_literals
    Feature record: CXX_FEATURE:1cxx_reference_qualified_functions
    Feature record: CXX_FEATURE:1cxx_relaxed_constexpr
    Feature record: CXX_FEATURE:1cxx_return_type_deduction
    Feature record: CXX_FEATURE:1cxx_right_angle_brackets
    Feature record: CXX_FEATURE:1cxx_rvalue_references
    Feature record: CXX_FEATURE:1cxx_sizeof_member
    Feature record: CXX_FEATURE:1cxx_static_assert
    Feature record: CXX_FEATURE:1cxx_strong_enums
    Feature record: CXX_FEATURE:1cxx_template_template_parameters
    Feature record: CXX_FEATURE:1cxx_thread_local
    Feature record: CXX_FEATURE:1cxx_trailing_return_types
    Feature record: CXX_FEATURE:1cxx_unicode_literals
    Feature record: CXX_FEATURE:1cxx_uniform_initialization
    Feature record: CXX_FEATURE:1cxx_unrestricted_unions
    Feature record: CXX_FEATURE:1cxx_user_literals
    Feature record: CXX_FEATURE:1cxx_variable_templates
    Feature record: CXX_FEATURE:1cxx_variadic_macros
    Feature record: CXX_FEATURE:1cxx_variadic_templates


Detecting CXX [-std=c++14] compiler features compiled with the following output:
Change Dir: /build/KLEE/CMakeFiles/CMakeTmp

Run Build Command:"/usr/bin/make" "cmTC_70edd/fast"
/usr/bin/make -f CMakeFiles/cmTC_70edd.dir/build.make CMakeFiles/cmTC_70edd.dir/build
make[1]: Entering directory '/build/KLEE/CMakeFiles/CMakeTmp'
Building CXX object CMakeFiles/cmTC_70edd.dir/feature_tests.cxx.o
/usr/bin/c++    -std=c++14 -o CMakeFiles/cmTC_70edd.dir/feature_tests.cxx.o -c /build/KLEE/CMakeFiles/feature_tests.cxx
Linking CXX executable cmTC_70edd
/usr/bin/cmake -E cmake_link_script CMakeFiles/cmTC_70edd.dir/link.txt --verbose=1
/usr/bin/c++       -rdynamic CMakeFiles/cmTC_70edd.dir/feature_tests.cxx.o  -o cmTC_70edd 
make[1]: Leaving directory '/build/KLEE/CMakeFiles/CMakeTmp'


    Feature record: CXX_FEATURE:1cxx_aggregate_default_initializers
    Feature record: CXX_FEATURE:1cxx_alias_templates
    Feature record: CXX_FEATURE:1cxx_alignas
    Feature record: CXX_FEATURE:1cxx_alignof
    Feature record: CXX_FEATURE:1cxx_attributes
    Feature record: CXX_FEATURE:1cxx_attribute_deprecated
    Feature record: CXX_FEATURE:1cxx_auto_type
    Feature record: CXX_FEATURE:1cxx_binary_literals
    Feature record: CXX_FEATURE:1cxx_constexpr
    Feature record: CXX_FEATURE:1cxx_contextual_conversions
    Feature record: CXX_FEATURE:1cxx_decltype
    Feature record: CXX_FEATURE:1cxx_decltype_auto
    Feature record: CXX_FEATURE:1cxx_decltype_incomplete_return_types
    Feature record: CXX_FEATURE:1cxx_default_function_template_args
    Feature record: CXX_FEATURE:1cxx_defaulted_functions
    Feature record: CXX_FEATURE:1cxx_defaulted_move_initializers
    Feature record: CXX_FEATURE:1cxx_delegating_constructors
    Feature record: CXX_FEATURE:1cxx_deleted_functions
    Feature record: CXX_FEATURE:1cxx_digit_separators
    Feature record: CXX_FEATURE:1cxx_enum_forward_declarations
    Feature record: CXX_FEATURE:1cxx_explicit_conversions
    Feature record: CXX_FEATURE:1cxx_extended_friend_declarations
    Feature record: CXX_FEATURE:1cxx_extern_templates
    Feature record: CXX_FEATURE:1cxx_final
    Feature record: CXX_FEATURE:1cxx_func_identifier
    Feature record: CXX_FEATURE:1cxx_generalized_initializers
    Feature record: CXX_FEATURE:1cxx_generic_lambdas
    Feature record: CXX_FEATURE:1cxx_inheriting_constructors
    Feature record: CXX_FEATURE:1cxx_inline_namespaces
    Feature record: CXX_FEATURE:1cxx_lambdas
    Feature record: CXX_FEATURE:1cxx_lambda_init_captures
    Feature record: CXX_FEATURE:1cxx_local_type_template_args
    Feature record: CXX_FEATURE:1cxx_long_long_type
    Feature record: CXX_FEATURE:1cxx_noexcept
    Feature record: CXX_FEATURE:1cxx_nonstatic_member_init
    Feature record: CXX_FEATURE:1cxx_nullptr
    Feature record: CXX_FEATURE:1cxx_override
    Feature record: CXX_FEATURE:1cxx_range_for
    Feature record: CXX_FEATURE:1cxx_raw_string_literals
    Feature record: CXX_FEATURE:1cxx_reference_qualified_functions
    Feature record: CXX_FEATURE:1cxx_relaxed_constexpr
    Feature record: CXX_FEATURE:1cxx_return_type_deduction
    Feature record: CXX_FEATURE:1cxx_right_angle_brackets
    Feature record: CXX_FEATURE:1cxx_rvalue_references
    Feature record: CXX_FEATURE:1cxx_sizeof_member
    Feature record: CXX_FEATURE:1cxx_static_assert
    Feature record: CXX_FEATURE:1cxx_strong_enums
    Feature record: CXX_FEATURE:1cxx_template_template_parameters
    Feature record: CXX_FEATURE:1cxx_thread_local
    Feature record: CXX_FEATURE:1cxx_trailing_return_types
    Feature record: CXX_FEATURE:1cxx_unicode_literals
    Feature record: CXX_FEATURE:1cxx_uniform_initialization
    Feature record: CXX_FEATURE:1cxx_unrestricted_unions
    Feature record: CXX_FEATURE:1cxx_user_literals
    Feature record: CXX_FEATURE:1cxx_variable_templates
    Feature record: CXX_FEATURE:1cxx_variadic_macros
    Feature record: CXX_FEATURE:1cxx_variadic_templates


Detecting CXX [-std=c++11] compiler features compiled with the following output:
Change Dir: /build/KLEE/CMakeFiles/CMakeTmp

Run Build Command:"/usr/bin/make" "cmTC_06fdc/fast"
/usr/bin/make -f CMakeFiles/cmTC_06fdc.dir/build.make CMakeFiles/cmTC_06fdc.dir/build
make[1]: Entering directory '/build/KLEE/CMakeFiles/CMakeTmp'
Building CXX object CMakeFiles/cmTC_06fdc.dir/feature_tests.cxx.o
/usr/bin/c++    -std=c++11 -o CMakeFiles/cmTC_06fdc.dir/feature_tests.cxx.o -c /build/KLEE/CMakeFiles/feature_tests.cxx
Linking CXX executable cmTC_06fdc
/usr/bin/cmake -E cmake_link_script CMakeFiles/cmTC_06fdc.dir/link.txt --verbose=1
/usr/bin/c++       -rdynamic CMakeFiles/cmTC_06fdc.dir/feature_tests.cxx.o  -o cmTC_06fdc 
make[1]: Leaving directory '/build/KLEE/CMakeFiles/CMakeTmp'


    Feature record: CXX_FEATURE:0cxx_aggregate_default_initializers
    Feature record: CXX_FEATURE:1cxx_alias_templates
    Feature record: CXX_FEATURE:1cxx_alignas
    Feature record: CXX_FEATURE:1cxx_alignof
    Feature record: CXX_FEATURE:1cxx_attributes
    Feature record: CXX_FEATURE:0cxx_attribute_deprecated
    Feature record: CXX_FEATURE:1cxx_auto_type
    Feature record: CXX_FEATURE:0cxx_binary_literals
    Feature record: CXX_FEATURE:1cxx_constexpr
    Feature record: CXX_FEATURE:0cxx_contextual_conversions
    Feature record: CXX_FEATURE:1cxx_decltype
    Feature record: CXX_FEATURE:0cxx_decltype_auto
    Feature record: CXX_FEATURE:1cxx_decltype_incomplete_return_types
    Feature record: CXX_FEATURE:1cxx_default_function_template_args
    Feature record: CXX_FEATURE:1cxx_defaulted_functions
    Feature record: CXX_FEATURE:1cxx_defaulted_move_initializers
    Feature record: CXX_FEATURE:1cxx_delegating_constructors
    Feature record: CXX_FEATURE:1cxx_deleted_functions
    Feature record: CXX_FEATURE:0cxx_digit_separators
    Feature record: CXX_FEATURE:1cxx_enum_forward_declarations
    Feature record: CXX_FEATURE:1cxx_explicit_conversions
    Feature record: CXX_FEATURE:1cxx_extended_friend_declarations
    Feature record: CXX_FEATURE:1cxx_extern_templates
    Feature record: CXX_FEATURE:1cxx_final
    Feature record: CXX_FEATURE:1cxx_func_identifier
    Feature record: CXX_FEATURE:1cxx_generalized_initializers
    Feature record: CXX_FEATURE:0cxx_generic_lambdas
    Feature record: CXX_FEATURE:1cxx_inheriting_constructors
    Feature record: CXX_FEATURE:1cxx_inline_namespaces
    Feature record: CXX_FEATURE:1cxx_lambdas
    Feature record: CXX_FEATURE:0cxx_lambda_init_captures
    Feature record: CXX_FEATURE:1cxx_local_type_template_args
    Feature record: CXX_FEATURE:1cxx_long_long_type
    Feature record: CXX_FEATURE:1cxx_noexcept
    Feature record: CXX_FEATURE:1cxx_nonstatic_member_init
    Feature record: CXX_FEATURE:1cxx_nullptr
    Feature record: CXX_FEATURE:1cxx_override
    Feature record: CXX_FEATURE:1cxx_range_for
    Feature record: CXX_FEATURE:1cxx_raw_string_literals
    Feature record: CXX_FEATURE:1cxx_reference_qualified_functions
    Feature record: CXX_FEATURE:0cxx_relaxed_constexpr
    Feature record: CXX_FEATURE:0cxx_return_type_deduction
    Feature record: CXX_FEATURE:1cxx_right_angle_brackets
    Feature record: CXX_FEATURE:1cxx_rvalue_references
    Feature record: CXX_FEATURE:1cxx_sizeof_member
    Feature record: CXX_FEATURE:1cxx_static_assert
    Feature record: CXX_FEATURE:1cxx_strong_enums
    Feature record: CXX_FEATURE:1cxx_template_template_parameters
    Feature record: CXX_FEATURE:1cxx_thread_local
    Feature record: CXX_FEATURE:1cxx_trailing_return_types
    Feature record: CXX_FEATURE:1cxx_unicode_literals
    Feature record: CXX_FEATURE:1cxx_uniform_initialization
    Feature record: CXX_FEATURE:1cxx_unrestricted_unions
    Feature record: CXX_FEATURE:1cxx_user_literals
    Feature record: CXX_FEATURE:0cxx_variable_templates
    Feature record: CXX_FEATURE:1cxx_variadic_macros
    Feature record: CXX_FEATURE:1cxx_variadic_templates


Detecting CXX [-std=c++98] compiler features compiled with the following output:
Change Dir: /build/KLEE/CMakeFiles/CMakeTmp

Run Build Command:"/usr/bin/make" "cmTC_1fa8d/fast"
/usr/bin/make -f CMakeFiles/cmTC_1fa8d.dir/build.make CMakeFiles/cmTC_1fa8d.dir/build
make[1]: Entering directory '/build/KLEE/CMakeFiles/CMakeTmp'
Building CXX object CMakeFiles/cmTC_1fa8d.dir/feature_tests.cxx.o
/usr/bin/c++    -std=c++98 -o CMakeFiles/cmTC_1fa8d.dir/feature_tests.cxx.o -c /build/KLEE/CMakeFiles/feature_tests.cxx
Linking CXX executable cmTC_1fa8d
/usr/bin/cmake -E cmake_link_script CMakeFiles/cmTC_1fa8d.dir/link.txt --verbose=1
/usr/bin/c++       -rdynamic CMakeFiles/cmTC_1fa8d.dir/feature_tests.cxx.o  -o cmTC_1fa8d 
make[1]: Leaving directory '/build/KLEE/CMakeFiles/CMakeTmp'


    Feature record: CXX_FEATURE:0cxx_aggregate_default_initializers
    Feature record: CXX_FEATURE:0cxx_alias_templates
    Feature record: CXX_FEATURE:0cxx_alignas
    Feature record: CXX_FEATURE:0cxx_alignof
    Feature record: CXX_FEATURE:0cxx_attributes
    Feature record: CXX_FEATURE:0cxx_attribute_deprecated
    Feature record: CXX_FEATURE:0cxx_auto_type
    Feature record: CXX_FEATURE:0cxx_binary_literals
    Feature record: CXX_FEATURE:0cxx_constexpr
    Feature record: CXX_FEATURE:0cxx_contextual_conversions
    Feature record: CXX_FEATURE:0cxx_decltype
    Feature record: CXX_FEATURE:0cxx_decltype_auto
    Feature record: CXX_FEATURE:0cxx_decltype_incomplete_return_types
    Feature record: CXX_FEATURE:0cxx_default_function_template_args
    Feature record: CXX_FEATURE:0cxx_defaulted_functions
    Feature record: CXX_FEATURE:0cxx_defaulted_move_initializers
    Feature record: CXX_FEATURE:0cxx_delegating_constructors
    Feature record: CXX_FEATURE:0cxx_deleted_functions
    Feature record: CXX_FEATURE:0cxx_digit_separators
    Feature record: CXX_FEATURE:0cxx_enum_forward_declarations
    Feature record: CXX_FEATURE:0cxx_explicit_conversions
    Feature record: CXX_FEATURE:0cxx_extended_friend_declarations
    Feature record: CXX_FEATURE:0cxx_extern_templates
    Feature record: CXX_FEATURE:0cxx_final
    Feature record: CXX_FEATURE:0cxx_func_identifier
    Feature record: CXX_FEATURE:0cxx_generalized_initializers
    Feature record: CXX_FEATURE:0cxx_generic_lambdas
    Feature record: CXX_FEATURE:0cxx_inheriting_constructors
    Feature record: CXX_FEATURE:0cxx_inline_namespaces
    Feature record: CXX_FEATURE:0cxx_lambdas
    Feature record: CXX_FEATURE:0cxx_lambda_init_captures
    Feature record: CXX_FEATURE:0cxx_local_type_template_args
    Feature record: CXX_FEATURE:0cxx_long_long_type
    Feature record: CXX_FEATURE:0cxx_noexcept
    Feature record: CXX_FEATURE:0cxx_nonstatic_member_init
    Feature record: CXX_FEATURE:0cxx_nullptr
    Feature record: CXX_FEATURE:0cxx_override
    Feature record: CXX_FEATURE:0cxx_range_for
    Feature record: CXX_FEATURE:0cxx_raw_string_literals
    Feature record: CXX_FEATURE:0cxx_reference_qualified_functions
    Feature record: CXX_FEATURE:0cxx_relaxed_constexpr
    Feature record: CXX_FEATURE:0cxx_return_type_deduction
    Feature record: CXX_FEATURE:0cxx_right_angle_brackets
    Feature record: CXX_FEATURE:0cxx_rvalue_references
    Feature record: CXX_FEATURE:0cxx_sizeof_member
    Feature record: CXX_FEATURE:0cxx_static_assert
    Feature record: CXX_FEATURE:0cxx_strong_enums
    Feature record: CXX_FEATURE:1cxx_template_template_parameters
    Feature record: CXX_FEATURE:0cxx_thread_local
    Feature record: CXX_FEATURE:0cxx_trailing_return_types
    Feature record: CXX_FEATURE:0cxx_unicode_literals
    Feature record: CXX_FEATURE:0cxx_uniform_initialization
    Feature record: CXX_FEATURE:0cxx_unrestricted_unions
    Feature record: CXX_FEATURE:0cxx_user_literals
    Feature record: CXX_FEATURE:0cxx_variable_templates
    Feature record: CXX_FEATURE:0cxx_variadic_macros
    Feature record: CXX_FEATURE:0cxx_variadic_templates
Determining if the C compiler works passed with the following output:
Change Dir: /build/KLEE/CMakeFiles/CMakeTmp

Run Build Command:"/usr/bin/make" "cmTC_7f488/fast"
/usr/bin/make -f CMakeFiles/cmTC_7f488.dir/build.make CMakeFiles/cmTC_7f488.dir/build
make[1]: Entering directory '/build/KLEE/CMakeFiles/CMakeTmp'
Building C object CMakeFiles/cmTC_7f488.dir/testCCompiler.c.o
/usr/bin/cc    -o CMakeFiles/cmTC_7f488.dir/testCCompiler.c.o   -c /build/KLEE/CMakeFiles/CMakeTmp/testCCompiler.c
Linking C executable cmTC_7f488
/usr/bin/cmake -E cmake_link_script CMakeFiles/cmTC_7f488.dir/link.txt --verbose=1
/usr/bin/cc      -rdynamic CMakeFiles/cmTC_7f488.dir/testCCompiler.c.o  -o cmTC_7f488 
make[1]: Leaving directory '/build/KLEE/CMakeFiles/CMakeTmp'


Detecting C compiler ABI info compiled with the following output:
Change Dir: /build/KLEE/CMakeFiles/CMakeTmp

Run Build Command:"/usr/bin/make" "cmTC_d9366/fast"
/usr/bin/make -f CMakeFiles/cmTC_d9366.dir/build.make CMakeFiles/cmTC_d9366.dir/build
make[1]: Entering directory '/build/KLEE/CMakeFiles/CMakeTmp'
Building C object CMakeFiles/cmTC_d9366.dir/CMakeCCompilerABI.c.o
/usr/bin/cc    -o CMakeFiles/cmTC_d9366.dir/CMakeCCompilerABI.c.o   -c /usr/share/cmake-3.10/Modules/CMakeCCompilerABI.c
Linking C executable cmTC_d9366
/usr/bin/cmake -E cmake_link_script CMakeFiles/cmTC_d9366.dir/link.txt --verbose=1
/usr/bin/cc     -v -rdynamic CMakeFiles/cmTC_d9366.dir/CMakeCCompilerABI.c.o  -o cmTC_d9366 
Using built-in specs.
COLLECT_GCC=/usr/bin/cc
COLLECT_LTO_WRAPPER=/usr/lib/gcc/x86_64-linux-gnu/7/lto-wrapper
OFFLOAD_TARGET_NAMES=nvptx-none
OFFLOAD_TARGET_DEFAULT=1
Target: x86_64-linux-gnu
Configured with: ../src/configure -v --with-pkgversion='Ubuntu 7.5.0-3ubuntu1~18.04' --with-bugurl=file:///usr/share/doc/gcc-7/README.Bugs --enable-languages=c,ada,c++,go,brig,d,fortran,objc,obj-c++ --prefix=/usr --with-gcc-major-version-only --program-suffix=-7 --program-prefix=x86_64-linux-gnu- --enable-shared --enable-linker-build-id --libexecdir=/usr/lib --without-included-gettext --enable-threads=posix --libdir=/usr/lib --enable-nls --enable-bootstrap --enable-clocale=gnu --enable-libstdcxx-debug --enable-libstdcxx-time=yes --with-default-libstdcxx-abi=new --enable-gnu-unique-object --disable-vtable-verify --enable-libmpx --enable-plugin --enable-default-pie --with-system-zlib --with-target-system-zlib --enable-objc-gc=auto --enable-multiarch --disable-werror --with-arch-32=i686 --with-abi=m64 --with-multilib-list=m32,m64,mx32 --enable-multilib --with-tune=generic --enable-offload-targets=nvptx-none --without-cuda-driver --enable-checking=release --build=x86_64-linux-gnu --host=x86_64-linux-gnu --target=x86_64-linux-gnu
Thread model: posix
gcc version 7.5.0 (Ubuntu 7.5.0-3ubuntu1~18.04) 
COMPILER_PATH=/usr/lib/gcc/x86_64-linux-gnu/7/:/usr/lib/gcc/x86_64-linux-gnu/7/:/usr/lib/gcc/x86_64-linux-gnu/:/usr/lib/gcc/x86_64-linux-gnu/7/:/usr/lib/gcc/x86_64-linux-gnu/
LIBRARY_PATH=/usr/lib/gcc/x86_64-linux-gnu/7/:/usr/lib/gcc/x86_64-linux-gnu/7/../../../x86_64-linux-gnu/:/usr/lib/gcc/x86_64-linux-gnu/7/../../../../lib/:/lib/x86_64-linux-gnu/:/lib/../lib/:/usr/lib/x86_64-linux-gnu/:/usr/lib/../lib/:/usr/lib/gcc/x86_64-linux-gnu/7/../../../:/lib/:/usr/lib/
COLLECT_GCC_OPTIONS='-v' '-rdynamic' '-o' 'cmTC_d9366' '-mtune=generic' '-march=x86-64'
 /usr/lib/gcc/x86_64-linux-gnu/7/collect2 -plugin /usr/lib/gcc/x86_64-linux-gnu/7/liblto_plugin.so -plugin-opt=/usr/lib/gcc/x86_64-linux-gnu/7/lto-wrapper -plugin-opt=-fresolution=/tmp/ccXVdIih.res -plugin-opt=-pass-through=-lgcc -plugin-opt=-pass-through=-lgcc_s -plugin-opt=-pass-through=-lc -plugin-opt=-pass-through=-lgcc -plugin-opt=-pass-through=-lgcc_s --build-id --eh-frame-hdr -m elf_x86_64 --hash-style=gnu --as-needed -export-dynamic -dynamic-linker /lib64/ld-linux-x86-64.so.2 -pie -z now -z relro -o cmTC_d9366 /usr/lib/gcc/x86_64-linux-gnu/7/../../../x86_64-linux-gnu/Scrt1.o /usr/lib/gcc/x86_64-linux-gnu/7/../../../x86_64-linux-gnu/crti.o /usr/lib/gcc/x86_64-linux-gnu/7/crtbeginS.o -L/usr/lib/gcc/x86_64-linux-gnu/7 -L/usr/lib/gcc/x86_64-linux-gnu/7/../../../x86_64-linux-gnu -L/usr/lib/gcc/x86_64-linux-gnu/7/../../../../lib -L/lib/x86_64-linux-gnu -L/lib/../lib -L/usr/lib/x86_64-linux-gnu -L/usr/lib/../lib -L/usr/lib/gcc/x86_64-linux-gnu/7/../../.. CMakeFiles/cmTC_d9366.dir/CMakeCCompilerABI.c.o -lgcc --push-state --as-needed -lgcc_s --pop-state -lc -lgcc --push-state --as-needed -lgcc_s --pop-state /usr/lib/gcc/x86_64-linux-gnu/7/crtendS.o /usr/lib/gcc/x86_64-linux-gnu/7/../../../x86_64-linux-gnu/crtn.o
COLLECT_GCC_OPTIONS='-v' '-rdynamic' '-o' 'cmTC_d9366' '-mtune=generic' '-march=x86-64'
make[1]: Leaving directory '/build/KLEE/CMakeFiles/CMakeTmp'


Parsed C implicit link information from above output:
  link line regex: [^( *|.*[/\])(ld|CMAKE_LINK_STARTFILE-NOTFOUND|([^/\]+-)?ld|collect2)[^/\]*( |$)]
  ignore line: [Change Dir: /build/KLEE/CMakeFiles/CMakeTmp]
  ignore line: []
  ignore line: [Run Build Command:"/usr/bin/make" "cmTC_d9366/fast"]
  ignore line: [/usr/bin/make -f CMakeFiles/cmTC_d9366.dir/build.make CMakeFiles/cmTC_d9366.dir/build]
  ignore line: [make[1]: Entering directory '/build/KLEE/CMakeFiles/CMakeTmp']
  ignore line: [Building C object CMakeFiles/cmTC_d9366.dir/CMakeCCompilerABI.c.o]
  ignore line: [/usr/bin/cc    -o CMakeFiles/cmTC_d9366.dir/CMakeCCompilerABI.c.o   -c /usr/share/cmake-3.10/Modules/CMakeCCompilerABI.c]
  ignore line: [Linking C executable cmTC_d9366]
  ignore line: [/usr/bin/cmake -E cmake_link_script CMakeFiles/cmTC_d9366.dir/link.txt --verbose=1]
  ignore line: [/usr/bin/cc     -v -rdynamic CMakeFiles/cmTC_d9366.dir/CMakeCCompilerABI.c.o  -o cmTC_d9366 ]
  ignore line: [Using built-in specs.]
  ignore line: [COLLECT_GCC=/usr/bin/cc]
  ignore line: [COLLECT_LTO_WRAPPER=/usr/lib/gcc/x86_64-linux-gnu/7/lto-wrapper]
  ignore line: [OFFLOAD_TARGET_NAMES=nvptx-none]
  ignore line: [OFFLOAD_TARGET_DEFAULT=1]
  ignore line: [Target: x86_64-linux-gnu]
  ignore line: [Configured with: ../src/configure -v --with-pkgversion='Ubuntu 7.5.0-3ubuntu1~18.04' --with-bugurl=file:///usr/share/doc/gcc-7/README.Bugs --enable-languages=c,ada,c++,go,brig,d,fortran,objc,obj-c++ --prefix=/usr --with-gcc-major-version-only --program-suffix=-7 --program-prefix=x86_64-linux-gnu- --enable-shared --enable-linker-build-id --libexecdir=/usr/lib --without-included-gettext --enable-threads=posix --libdir=/usr/lib --enable-nls --enable-bootstrap --enable-clocale=gnu --enable-libstdcxx-debug --enable-libstdcxx-time=yes --with-default-libstdcxx-abi=new --enable-gnu-unique-object --disable-vtable-verify --enable-libmpx --enable-plugin --enable-default-pie --with-system-zlib --with-target-system-zlib --enable-objc-gc=auto --enable-multiarch --disable-werror --with-arch-32=i686 --with-abi=m64 --with-multilib-list=m32,m64,mx32 --enable-multilib --with-tune=generic --enable-offload-targets=nvptx-none --without-cuda-driver --enable-checking=release --build=x86_64-linux-gnu --host=x86_64-linux-gnu --target=x86_64-linux-gnu]
  ignore line: [Thread model: posix]
  ignore line: [gcc version 7.5.0 (Ubuntu 7.5.0-3ubuntu1~18.04) ]
  ignore line: [COMPILER_PATH=/usr/lib/gcc/x86_64-linux-gnu/7/:/usr/lib/gcc/x86_64-linux-gnu/7/:/usr/lib/gcc/x86_64-linux-gnu/:/usr/lib/gcc/x86_64-linux-gnu/7/:/usr/lib/gcc/x86_64-linux-gnu/]
  ignore line: [LIBRARY_PATH=/usr/lib/gcc/x86_64-linux-gnu/7/:/usr/lib/gcc/x86_64-linux-gnu/7/../../../x86_64-linux-gnu/:/usr/lib/gcc/x86_64-linux-gnu/7/../../../../lib/:/lib/x86_64-linux-gnu/:/lib/../lib/:/usr/lib/x86_64-linux-gnu/:/usr/lib/../lib/:/usr/lib/gcc/x86_64-linux-gnu/7/../../../:/lib/:/usr/lib/]
  ignore line: [COLLECT_GCC_OPTIONS='-v' '-rdynamic' '-o' 'cmTC_d9366' '-mtune=generic' '-march=x86-64']
  link line: [ /usr/lib/gcc/x86_64-linux-gnu/7/collect2 -plugin /usr/lib/gcc/x86_64-linux-gnu/7/liblto_plugin.so -plugin-opt=/usr/lib/gcc/x86_64-linux-gnu/7/lto-wrapper -plugin-opt=-fresolution=/tmp/ccXVdIih.res -plugin-opt=-pass-through=-lgcc -plugin-opt=-pass-through=-lgcc_s -plugin-opt=-pass-through=-lc -plugin-opt=-pass-through=-lgcc -plugin-opt=-pass-through=-lgcc_s --build-id --eh-frame-hdr -m elf_x86_64 --hash-style=gnu --as-needed -export-dynamic -dynamic-linker /lib64/ld-linux-x86-64.so.2 -pie -z now -z relro -o cmTC_d9366 /usr/lib/gcc/x86_64-linux-gnu/7/../../../x86_64-linux-gnu/Scrt1.o /usr/lib/gcc/x86_64-linux-gnu/7/../../../x86_64-linux-gnu/crti.o /usr/lib/gcc/x86_64-linux-gnu/7/crtbeginS.o -L/usr/lib/gcc/x86_64-linux-gnu/7 -L/usr/lib/gcc/x86_64-linux-gnu/7/../../../x86_64-linux-gnu -L/usr/lib/gcc/x86_64-linux-gnu/7/../../../../lib -L/lib/x86_64-linux-gnu -L/lib/../lib -L/usr/lib/x86_64-linux-gnu -L/usr/lib/../lib -L/usr/lib/gcc/x86_64-linux-gnu/7/../../.. CMakeFiles/cmTC_d9366.dir/CMakeCCompilerABI.c.o -lgcc --push-state --as-needed -lgcc_s --pop-state -lc -lgcc --push-state --as-needed -lgcc_s --pop-state /usr/lib/gcc/x86_64-linux-gnu/7/crtendS.o /usr/lib/gcc/x86_64-linux-gnu/7/../../../x86_64-linux-gnu/crtn.o]
    arg [/usr/lib/gcc/x86_64-linux-gnu/7/collect2] ==> ignore
    arg [-plugin] ==> ignore
    arg [/usr/lib/gcc/x86_64-linux-gnu/7/liblto_plugin.so] ==> ignore
    arg [-plugin-opt=/usr/lib/gcc/x86_64-linux-gnu/7/lto-wrapper] ==> ignore
    arg [-plugin-opt=-fresolution=/tmp/ccXVdIih.res] ==> ignore
    arg [-plugin-opt=-pass-through=-lgcc] ==> ignore
    arg [-plugin-opt=-pass-through=-lgcc_s] ==> ignore
    arg [-plugin-opt=-pass-through=-lc] ==> ignore
    arg [-plugin-opt=-pass-through=-lgcc] ==> ignore
    arg [-plugin-opt=-pass-through=-lgcc_s] ==> ignore
    arg [--build-id] ==> ignore
    arg [--eh-frame-hdr] ==> ignore
    arg [-m] ==> ignore
    arg [elf_x86_64] ==> ignore
    arg [--hash-style=gnu] ==> ignore
    arg [--as-needed] ==> ignore
    arg [-export-dynamic] ==> ignore
    arg [-dynamic-linker] ==> ignore
    arg [/lib64/ld-linux-x86-64.so.2] ==> ignore
    arg [-pie] ==> ignore
    arg [-znow] ==> ignore
    arg [-zrelro] ==> ignore
    arg [-o] ==> ignore
    arg [cmTC_d9366] ==> ignore
    arg [/usr/lib/gcc/x86_64-linux-gnu/7/../../../x86_64-linux-gnu/Scrt1.o] ==> ignore
    arg [/usr/lib/gcc/x86_64-linux-gnu/7/../../../x86_64-linux-gnu/crti.o] ==> ignore
    arg [/usr/lib/gcc/x86_64-linux-gnu/7/crtbeginS.o] ==> ignore
    arg [-L/usr/lib/gcc/x86_64-linux-gnu/7] ==> dir [/usr/lib/gcc/x86_64-linux-gnu/7]
    arg [-L/usr/lib/gcc/x86_64-linux-gnu/7/../../../x86_64-linux-gnu] ==> dir [/usr/lib/gcc/x86_64-linux-gnu/7/../../../x86_64-linux-gnu]
    arg [-L/usr/lib/gcc/x86_64-linux-gnu/7/../../../../lib] ==> dir [/usr/lib/gcc/x86_64-linux-gnu/7/../../../../lib]
    arg [-L/lib/x86_64-linux-gnu] ==> dir [/lib/x86_64-linux-gnu]
    arg [-L/lib/../lib] ==> dir [/lib/../lib]
    arg [-L/usr/lib/x86_64-linux-gnu] ==> dir [/usr/lib/x86_64-linux-gnu]
    arg [-L/usr/lib/../lib] ==> dir [/usr/lib/../lib]
    arg [-L/usr/lib/gcc/x86_64-linux-gnu/7/../../..] ==> dir [/usr/lib/gcc/x86_64-linux-gnu/7/../../..]
    arg [CMakeFiles/cmTC_d9366.dir/CMakeCCompilerABI.c.o] ==> ignore
    arg [-lgcc] ==> lib [gcc]
    arg [--push-state] ==> ignore
    arg [--as-needed] ==> ignore
    arg [-lgcc_s] ==> lib [gcc_s]
    arg [--pop-state] ==> ignore
    arg [-lc] ==> lib [c]
    arg [-lgcc] ==> lib [gcc]
    arg [--push-state] ==> ignore
    arg [--as-needed] ==> ignore
    arg [-lgcc_s] ==> lib [gcc_s]
    arg [--pop-state] ==> ignore
    arg [/usr/lib/gcc/x86_64-linux-gnu/7/crtendS.o] ==> ignore
    arg [/usr/lib/gcc/x86_64-linux-gnu/7/../../../x86_64-linux-gnu/crtn.o] ==> ignore
  collapse library dir [/usr/lib/gcc/x86_64-linux-gnu/7] ==> [/usr/lib/gcc/x86_64-linux-gnu/7]
  collapse library dir [/usr/lib/gcc/x86_64-linux-gnu/7/../../../x86_64-linux-gnu] ==> [/usr/lib/x86_64-linux-gnu]
  collapse library dir [/usr/lib/gcc/x86_64-linux-gnu/7/../../../../lib] ==> [/usr/lib]
  collapse library dir [/lib/x86_64-linux-gnu] ==> [/lib/x86_64-linux-gnu]
  collapse library dir [/lib/../lib] ==> [/lib]
  collapse library dir [/usr/lib/x86_64-linux-gnu] ==> [/usr/lib/x86_64-linux-gnu]
  collapse library dir [/usr/lib/../lib] ==> [/usr/lib]
  collapse library dir [/usr/lib/gcc/x86_64-linux-gnu/7/../../..] ==> [/usr/lib]
  implicit libs: [gcc;gcc_s;c;gcc;gcc_s]
  implicit dirs: [/usr/lib/gcc/x86_64-linux-gnu/7;/usr/lib/x86_64-linux-gnu;/usr/lib;/lib/x86_64-linux-gnu;/lib]
  implicit fwks: []




Detecting C [-std=c11] compiler features compiled with the following output:
Change Dir: /build/KLEE/CMakeFiles/CMakeTmp

Run Build Command:"/usr/bin/make" "cmTC_a2877/fast"
/usr/bin/make -f CMakeFiles/cmTC_a2877.dir/build.make CMakeFiles/cmTC_a2877.dir/build
make[1]: Entering directory '/build/KLEE/CMakeFiles/CMakeTmp'
Building C object CMakeFiles/cmTC_a2877.dir/feature_tests.c.o
/usr/bin/cc   -std=c11 -o CMakeFiles/cmTC_a2877.dir/feature_tests.c.o   -c /build/KLEE/CMakeFiles/feature_tests.c
Linking C executable cmTC_a2877
/usr/bin/cmake -E cmake_link_script CMakeFiles/cmTC_a2877.dir/link.txt --verbose=1
/usr/bin/cc      -rdynamic CMakeFiles/cmTC_a2877.dir/feature_tests.c.o  -o cmTC_a2877 
make[1]: Leaving directory '/build/KLEE/CMakeFiles/CMakeTmp'


    Feature record: C_FEATURE:1c_function_prototypes
    Feature record: C_FEATURE:1c_restrict
    Feature record: C_FEATURE:1c_static_assert
    Feature record: C_FEATURE:1c_variadic_macros


Detecting C [-std=c99] compiler features compiled with the following output:
Change Dir: /build/KLEE/CMakeFiles/CMakeTmp

Run Build Command:"/usr/bin/make" "cmTC_4b430/fast"
/usr/bin/make -f CMakeFiles/cmTC_4b430.dir/build.make CMakeFiles/cmTC_4b430.dir/build
make[1]: Entering directory '/build/KLEE/CMakeFiles/CMakeTmp'
Building C object CMakeFiles/cmTC_4b430.dir/feature_tests.c.o
/usr/bin/cc   -std=c99 -o CMakeFiles/cmTC_4b430.dir/feature_tests.c.o   -c /build/KLEE/CMakeFiles/feature_tests.c
Linking C executable cmTC_4b430
/usr/bin/cmake -E cmake_link_script CMakeFiles/cmTC_4b430.dir/link.txt --verbose=1
/usr/bin/cc      -rdynamic CMakeFiles/cmTC_4b430.dir/feature_tests.c.o  -o cmTC_4b430 
make[1]: Leaving directory '/build/KLEE/CMakeFiles/CMakeTmp'


    Feature record: C_FEATURE:1c_function_prototypes
    Feature record: C_FEATURE:1c_restrict
    Feature record: C_FEATURE:0c_static_assert
    Feature record: C_FEATURE:1c_variadic_macros


Detecting C [-std=c90] compiler features compiled with the following output:
Change Dir: /build/KLEE/CMakeFiles/CMakeTmp

Run Build Command:"/usr/bin/make" "cmTC_6a06f/fast"
/usr/bin/make -f CMakeFiles/cmTC_6a06f.dir/build.make CMakeFiles/cmTC_6a06f.dir/build
make[1]: Entering directory '/build/KLEE/CMakeFiles/CMakeTmp'
Building C object CMakeFiles/cmTC_6a06f.dir/feature_tests.c.o
/usr/bin/cc   -std=c90 -o CMakeFiles/cmTC_6a06f.dir/feature_tests.c.o   -c /build/KLEE/CMakeFiles/feature_tests.c
Linking C executable cmTC_6a06f
/usr/bin/cmake -E cmake_link_script CMakeFiles/cmTC_6a06f.dir/link.txt --verbose=1
/usr/bin/cc      -rdynamic CMakeFiles/cmTC_6a06f.dir/feature_tests.c.o  -o cmTC_6a06f 
make[1]: Leaving directory '/build/KLEE/CMakeFiles/CMakeTmp'


    Feature record: C_FEATURE:1c_function_prototypes
    Feature record: C_FEATURE:0c_restrict
    Feature record: C_FEATURE:0c_static_assert
    Feature record: C_FEATURE:0c_variadic_macros
Performing C++ SOURCE FILE Test HAS__Wall_CXX succeeded with the following output:
Change Dir: /build/KLEE/CMakeFiles/CMakeTmp

Run Build Command:"/usr/bin/make" "cmTC_42f2e/fast"
/usr/bin/make -f CMakeFiles/cmTC_42f2e.dir/build.make CMakeFiles/cmTC_42f2e.dir/build
make[1]: Entering directory '/build/KLEE/CMakeFiles/CMakeTmp'
Building CXX object CMakeFiles/cmTC_42f2e.dir/src.cxx.o
/usr/bin/c++    -DHAS__Wall_CXX   -Wall -o CMakeFiles/cmTC_42f2e.dir/src.cxx.o -c /build/KLEE/CMakeFiles/CMakeTmp/src.cxx
Linking CXX executable cmTC_42f2e
/usr/bin/cmake -E cmake_link_script CMakeFiles/cmTC_42f2e.dir/link.txt --verbose=1
/usr/bin/c++   -DHAS__Wall_CXX    -rdynamic CMakeFiles/cmTC_42f2e.dir/src.cxx.o  -o cmTC_42f2e 
make[1]: Leaving directory '/build/KLEE/CMakeFiles/CMakeTmp'

Source file was:
int main() { return 0; }
Performing C++ SOURCE FILE Test HAS__Wextra_CXX succeeded with the following output:
Change Dir: /build/KLEE/CMakeFiles/CMakeTmp

Run Build Command:"/usr/bin/make" "cmTC_4a76a/fast"
/usr/bin/make -f CMakeFiles/cmTC_4a76a.dir/build.make CMakeFiles/cmTC_4a76a.dir/build
make[1]: Entering directory '/build/KLEE/CMakeFiles/CMakeTmp'
Building CXX object CMakeFiles/cmTC_4a76a.dir/src.cxx.o
/usr/bin/c++    -Wall -DHAS__Wextra_CXX   -Wextra -o CMakeFiles/cmTC_4a76a.dir/src.cxx.o -c /build/KLEE/CMakeFiles/CMakeTmp/src.cxx
Linking CXX executable cmTC_4a76a
/usr/bin/cmake -E cmake_link_script CMakeFiles/cmTC_4a76a.dir/link.txt --verbose=1
/usr/bin/c++   -Wall -DHAS__Wextra_CXX    -rdynamic CMakeFiles/cmTC_4a76a.dir/src.cxx.o  -o cmTC_4a76a 
make[1]: Leaving directory '/build/KLEE/CMakeFiles/CMakeTmp'

Source file was:
int main() { return 0; }
Performing C++ SOURCE FILE Test HAS__Wno_unused_parameter_CXX succeeded with the following output:
Change Dir: /build/KLEE/CMakeFiles/CMakeTmp

Run Build Command:"/usr/bin/make" "cmTC_086ba/fast"
/usr/bin/make -f CMakeFiles/cmTC_086ba.dir/build.make CMakeFiles/cmTC_086ba.dir/build
make[1]: Entering directory '/build/KLEE/CMakeFiles/CMakeTmp'
Building CXX object CMakeFiles/cmTC_086ba.dir/src.cxx.o
/usr/bin/c++    -Wall -Wextra -DHAS__Wno_unused_parameter_CXX   -Wno-unused-parameter -o CMakeFiles/cmTC_086ba.dir/src.cxx.o -c /build/KLEE/CMakeFiles/CMakeTmp/src.cxx
Linking CXX executable cmTC_086ba
/usr/bin/cmake -E cmake_link_script CMakeFiles/cmTC_086ba.dir/link.txt --verbose=1
/usr/bin/c++   -Wall -Wextra -DHAS__Wno_unused_parameter_CXX    -rdynamic CMakeFiles/cmTC_086ba.dir/src.cxx.o  -o cmTC_086ba 
make[1]: Leaving directory '/build/KLEE/CMakeFiles/CMakeTmp'

Source file was:
int main() { return 0; }
Performing C SOURCE FILE Test HAS__Wall_C succeeded with the following output:
Change Dir: /build/KLEE/CMakeFiles/CMakeTmp

Run Build Command:"/usr/bin/make" "cmTC_fa4cd/fast"
/usr/bin/make -f CMakeFiles/cmTC_fa4cd.dir/build.make CMakeFiles/cmTC_fa4cd.dir/build
make[1]: Entering directory '/build/KLEE/CMakeFiles/CMakeTmp'
Building C object CMakeFiles/cmTC_fa4cd.dir/src.c.o
/usr/bin/cc   -DHAS__Wall_C   -Wall -o CMakeFiles/cmTC_fa4cd.dir/src.c.o   -c /build/KLEE/CMakeFiles/CMakeTmp/src.c
Linking C executable cmTC_fa4cd
/usr/bin/cmake -E cmake_link_script CMakeFiles/cmTC_fa4cd.dir/link.txt --verbose=1
/usr/bin/cc  -DHAS__Wall_C    -rdynamic CMakeFiles/cmTC_fa4cd.dir/src.c.o  -o cmTC_fa4cd 
make[1]: Leaving directory '/build/KLEE/CMakeFiles/CMakeTmp'

Source file was:
int main(void) { return 0; }
Performing C SOURCE FILE Test HAS__Wextra_C succeeded with the following output:
Change Dir: /build/KLEE/CMakeFiles/CMakeTmp

Run Build Command:"/usr/bin/make" "cmTC_94b34/fast"
/usr/bin/make -f CMakeFiles/cmTC_94b34.dir/build.make CMakeFiles/cmTC_94b34.dir/build
make[1]: Entering directory '/build/KLEE/CMakeFiles/CMakeTmp'
Building C object CMakeFiles/cmTC_94b34.dir/src.c.o
/usr/bin/cc   -Wall -DHAS__Wextra_C   -Wextra -o CMakeFiles/cmTC_94b34.dir/src.c.o   -c /build/KLEE/CMakeFiles/CMakeTmp/src.c
Linking C executable cmTC_94b34
/usr/bin/cmake -E cmake_link_script CMakeFiles/cmTC_94b34.dir/link.txt --verbose=1
/usr/bin/cc  -Wall -DHAS__Wextra_C    -rdynamic CMakeFiles/cmTC_94b34.dir/src.c.o  -o cmTC_94b34 
make[1]: Leaving directory '/build/KLEE/CMakeFiles/CMakeTmp'

Source file was:
int main(void) { return 0; }
Performing C SOURCE FILE Test HAS__Wno_unused_parameter_C succeeded with the following output:
Change Dir: /build/KLEE/CMakeFiles/CMakeTmp

Run Build Command:"/usr/bin/make" "cmTC_fc212/fast"
/usr/bin/make -f CMakeFiles/cmTC_fc212.dir/build.make CMakeFiles/cmTC_fc212.dir/build
make[1]: Entering directory '/build/KLEE/CMakeFiles/CMakeTmp'
Building C object CMakeFiles/cmTC_fc212.dir/src.c.o
/usr/bin/cc   -Wall -Wextra -DHAS__Wno_unused_parameter_C   -Wno-unused-parameter -o CMakeFiles/cmTC_fc212.dir/src.c.o   -c /build/KLEE/CMakeFiles/CMakeTmp/src.c
Linking C executable cmTC_fc212
/usr/bin/cmake -E cmake_link_script CMakeFiles/cmTC_fc212.dir/link.txt --verbose=1
/usr/bin/cc  -Wall -Wextra -DHAS__Wno_unused_parameter_C    -rdynamic CMakeFiles/cmTC_fc212.dir/src.c.o  -o cmTC_fc212 
make[1]: Leaving directory '/build/KLEE/CMakeFiles/CMakeTmp'

Source file was:
int main(void) { return 0; }
Performing C++ SOURCE FILE Test HAS__fno_exceptions succeeded with the following output:
Change Dir: /build/KLEE/CMakeFiles/CMakeTmp

Run Build Command:"/usr/bin/make" "cmTC_da746/fast"
/usr/bin/make -f CMakeFiles/cmTC_da746.dir/build.make CMakeFiles/cmTC_da746.dir/build
make[1]: Entering directory '/build/KLEE/CMakeFiles/CMakeTmp'
Building CXX object CMakeFiles/cmTC_da746.dir/src.cxx.o
/usr/bin/c++    -Wall -Wextra -Wno-unused-parameter -DHAS__fno_exceptions   -fno-exceptions -o CMakeFiles/cmTC_da746.dir/src.cxx.o -c /build/KLEE/CMakeFiles/CMakeTmp/src.cxx
Linking CXX executable cmTC_da746
/usr/bin/cmake -E cmake_link_script CMakeFiles/cmTC_da746.dir/link.txt --verbose=1
/usr/bin/c++   -Wall -Wextra -Wno-unused-parameter -DHAS__fno_exceptions    -rdynamic CMakeFiles/cmTC_da746.dir/src.cxx.o  -o cmTC_da746 
make[1]: Leaving directory '/build/KLEE/CMakeFiles/CMakeTmp'

Source file was:
int main() { return 0; }
Determining if the include file gperftools/malloc_extension.h exists passed with the following output:
Change Dir: /build/KLEE/CMakeFiles/CMakeTmp

Run Build Command:"/usr/bin/make" "cmTC_5af67/fast"
/usr/bin/make -f CMakeFiles/cmTC_5af67.dir/build.make CMakeFiles/cmTC_5af67.dir/build
make[1]: Entering directory '/build/KLEE/CMakeFiles/CMakeTmp'
Building CXX object CMakeFiles/cmTC_5af67.dir/CheckIncludeFile.cxx.o
/usr/bin/c++    -Wall -Wextra -Wno-unused-parameter    -o CMakeFiles/cmTC_5af67.dir/CheckIncludeFile.cxx.o -c /build/KLEE/CMakeFiles/CMakeTmp/CheckIncludeFile.cxx
Linking CXX executable cmTC_5af67
/usr/bin/cmake -E cmake_link_script CMakeFiles/cmTC_5af67.dir/link.txt --verbose=1
/usr/bin/c++   -Wall -Wextra -Wno-unused-parameter     -rdynamic CMakeFiles/cmTC_5af67.dir/CheckIncludeFile.cxx.o  -o cmTC_5af67 
make[1]: Leaving directory '/build/KLEE/CMakeFiles/CMakeTmp'


Performing C++ SOURCE FILE Test HAS__fno_builtin_malloc succeeded with the following output:
Change Dir: /build/KLEE/CMakeFiles/CMakeTmp

Run Build Command:"/usr/bin/make" "cmTC_37b6c/fast"
/usr/bin/make -f CMakeFiles/cmTC_37b6c.dir/build.make CMakeFiles/cmTC_37b6c.dir/build
make[1]: Entering directory '/build/KLEE/CMakeFiles/CMakeTmp'
Building CXX object CMakeFiles/cmTC_37b6c.dir/src.cxx.o
/usr/bin/c++    -Wall -Wextra -Wno-unused-parameter -DHAS__fno_builtin_malloc   -fno-builtin-malloc -o CMakeFiles/cmTC_37b6c.dir/src.cxx.o -c /build/KLEE/CMakeFiles/CMakeTmp/src.cxx
Linking CXX executable cmTC_37b6c
/usr/bin/cmake -E cmake_link_script CMakeFiles/cmTC_37b6c.dir/link.txt --verbose=1
/usr/bin/c++   -Wall -Wextra -Wno-unused-parameter -DHAS__fno_builtin_malloc    -rdynamic CMakeFiles/cmTC_37b6c.dir/src.cxx.o  -o cmTC_37b6c 
make[1]: Leaving directory '/build/KLEE/CMakeFiles/CMakeTmp'

Source file was:
int main() { return 0; }
Performing C++ SOURCE FILE Test HAS__fno_builtin_calloc succeeded with the following output:
Change Dir: /build/KLEE/CMakeFiles/CMakeTmp

Run Build Command:"/usr/bin/make" "cmTC_e85c5/fast"
/usr/bin/make -f CMakeFiles/cmTC_e85c5.dir/build.make CMakeFiles/cmTC_e85c5.dir/build
make[1]: Entering directory '/build/KLEE/CMakeFiles/CMakeTmp'
Building CXX object CMakeFiles/cmTC_e85c5.dir/src.cxx.o
/usr/bin/c++    -Wall -Wextra -Wno-unused-parameter -DHAS__fno_builtin_calloc   -fno-builtin-calloc -o CMakeFiles/cmTC_e85c5.dir/src.cxx.o -c /build/KLEE/CMakeFiles/CMakeTmp/src.cxx
Linking CXX executable cmTC_e85c5
/usr/bin/cmake -E cmake_link_script CMakeFiles/cmTC_e85c5.dir/link.txt --verbose=1
/usr/bin/c++   -Wall -Wextra -Wno-unused-parameter -DHAS__fno_builtin_calloc    -rdynamic CMakeFiles/cmTC_e85c5.dir/src.cxx.o  -o cmTC_e85c5 
make[1]: Leaving directory '/build/KLEE/CMakeFiles/CMakeTmp'

Source file was:
int main() { return 0; }
Performing C++ SOURCE FILE Test HAS__fno_builtin_realloc succeeded with the following output:
Change Dir: /build/KLEE/CMakeFiles/CMakeTmp

Run Build Command:"/usr/bin/make" "cmTC_172b9/fast"
/usr/bin/make -f CMakeFiles/cmTC_172b9.dir/build.make CMakeFiles/cmTC_172b9.dir/build
make[1]: Entering directory '/build/KLEE/CMakeFiles/CMakeTmp'
Building CXX object CMakeFiles/cmTC_172b9.dir/src.cxx.o
/usr/bin/c++    -Wall -Wextra -Wno-unused-parameter -DHAS__fno_builtin_realloc   -fno-builtin-realloc -o CMakeFiles/cmTC_172b9.dir/src.cxx.o -c /build/KLEE/CMakeFiles/CMakeTmp/src.cxx
Linking CXX executable cmTC_172b9
/usr/bin/cmake -E cmake_link_script CMakeFiles/cmTC_172b9.dir/link.txt --verbose=1
/usr/bin/c++   -Wall -Wextra -Wno-unused-parameter -DHAS__fno_builtin_realloc    -rdynamic CMakeFiles/cmTC_172b9.dir/src.cxx.o  -o cmTC_172b9 
make[1]: Leaving directory '/build/KLEE/CMakeFiles/CMakeTmp'

Source file was:
int main() { return 0; }
Performing C++ SOURCE FILE Test HAS__fno_builtin_free succeeded with the following output:
Change Dir: /build/KLEE/CMakeFiles/CMakeTmp

Run Build Command:"/usr/bin/make" "cmTC_5fd6f/fast"
/usr/bin/make -f CMakeFiles/cmTC_5fd6f.dir/build.make CMakeFiles/cmTC_5fd6f.dir/build
make[1]: Entering directory '/build/KLEE/CMakeFiles/CMakeTmp'
Building CXX object CMakeFiles/cmTC_5fd6f.dir/src.cxx.o
/usr/bin/c++    -Wall -Wextra -Wno-unused-parameter -DHAS__fno_builtin_free   -fno-builtin-free -o CMakeFiles/cmTC_5fd6f.dir/src.cxx.o -c /build/KLEE/CMakeFiles/CMakeTmp/src.cxx
Linking CXX executable cmTC_5fd6f
/usr/bin/cmake -E cmake_link_script CMakeFiles/cmTC_5fd6f.dir/link.txt --verbose=1
/usr/bin/c++   -Wall -Wextra -Wno-unused-parameter -DHAS__fno_builtin_free    -rdynamic CMakeFiles/cmTC_5fd6f.dir/src.cxx.o  -o cmTC_5fd6f 
make[1]: Leaving directory '/build/KLEE/CMakeFiles/CMakeTmp'

Source file was:
int main() { return 0; }
Determining if the include file pty.h exists passed with the following output:
Change Dir: /build/KLEE/CMakeFiles/CMakeTmp

Run Build Command:"/usr/bin/make" "cmTC_acee7/fast"
/usr/bin/make -f CMakeFiles/cmTC_acee7.dir/build.make CMakeFiles/cmTC_acee7.dir/build
make[1]: Entering directory '/build/KLEE/CMakeFiles/CMakeTmp'
Building C object CMakeFiles/cmTC_acee7.dir/CheckIncludeFile.c.o
/usr/bin/cc   -Wall -Wextra -Wno-unused-parameter    -o CMakeFiles/cmTC_acee7.dir/CheckIncludeFile.c.o   -c /build/KLEE/CMakeFiles/CMakeTmp/CheckIncludeFile.c
Linking C executable cmTC_acee7
/usr/bin/cmake -E cmake_link_script CMakeFiles/cmTC_acee7.dir/link.txt --verbose=1
/usr/bin/cc  -Wall -Wextra -Wno-unused-parameter     -rdynamic CMakeFiles/cmTC_acee7.dir/CheckIncludeFile.c.o  -o cmTC_acee7 
make[1]: Leaving directory '/build/KLEE/CMakeFiles/CMakeTmp'


Determining if the function openpty exists in the util passed with the following output:
Change Dir: /build/KLEE/CMakeFiles/CMakeTmp

Run Build Command:"/usr/bin/make" "cmTC_1b4cf/fast"
/usr/bin/make -f CMakeFiles/cmTC_1b4cf.dir/build.make CMakeFiles/cmTC_1b4cf.dir/build
make[1]: Entering directory '/build/KLEE/CMakeFiles/CMakeTmp'
Building C object CMakeFiles/cmTC_1b4cf.dir/CheckFunctionExists.c.o
/usr/bin/cc   -Wall -Wextra -Wno-unused-parameter -DCHECK_FUNCTION_EXISTS=openpty   -o CMakeFiles/cmTC_1b4cf.dir/CheckFunctionExists.c.o   -c /usr/share/cmake-3.10/Modules/CheckFunctionExists.c
Linking C executable cmTC_1b4cf
/usr/bin/cmake -E cmake_link_script CMakeFiles/cmTC_1b4cf.dir/link.txt --verbose=1
/usr/bin/cc  -Wall -Wextra -Wno-unused-parameter -DCHECK_FUNCTION_EXISTS=openpty    -rdynamic CMakeFiles/cmTC_1b4cf.dir/CheckFunctionExists.c.o  -o cmTC_1b4cf -lutil 
make[1]: Leaving directory '/build/KLEE/CMakeFiles/CMakeTmp'


Determining if the __ctype_b_loc exist passed with the following output:
Change Dir: /build/KLEE/CMakeFiles/CMakeTmp

Run Build Command:"/usr/bin/make" "cmTC_27ae0/fast"
/usr/bin/make -f CMakeFiles/cmTC_27ae0.dir/build.make CMakeFiles/cmTC_27ae0.dir/build
make[1]: Entering directory '/build/KLEE/CMakeFiles/CMakeTmp'
Building CXX object CMakeFiles/cmTC_27ae0.dir/CheckSymbolExists.cxx.o
/usr/bin/c++    -Wall -Wextra -Wno-unused-parameter    -o CMakeFiles/cmTC_27ae0.dir/CheckSymbolExists.cxx.o -c /build/KLEE/CMakeFiles/CMakeTmp/CheckSymbolExists.cxx
Linking CXX executable cmTC_27ae0
/usr/bin/cmake -E cmake_link_script CMakeFiles/cmTC_27ae0.dir/link.txt --verbose=1
/usr/bin/c++   -Wall -Wextra -Wno-unused-parameter     -rdynamic CMakeFiles/cmTC_27ae0.dir/CheckSymbolExists.cxx.o  -o cmTC_27ae0 
make[1]: Leaving directory '/build/KLEE/CMakeFiles/CMakeTmp'

File /build/KLEE/CMakeFiles/CMakeTmp/CheckSymbolExists.cxx:
/* */
#include <ctype.h>

int main(int argc, char** argv)
{
  (void)argv;
#ifndef __ctype_b_loc
  return ((int*)(&__ctype_b_loc))[argc];
#else
  (void)argc;
  return 0;
#endif
}

Determining if the mallinfo exist passed with the following output:
Change Dir: /build/KLEE/CMakeFiles/CMakeTmp

Run Build Command:"/usr/bin/make" "cmTC_b5493/fast"
/usr/bin/make -f CMakeFiles/cmTC_b5493.dir/build.make CMakeFiles/cmTC_b5493.dir/build
make[1]: Entering directory '/build/KLEE/CMakeFiles/CMakeTmp'
Building CXX object CMakeFiles/cmTC_b5493.dir/CheckSymbolExists.cxx.o
/usr/bin/c++    -Wall -Wextra -Wno-unused-parameter    -o CMakeFiles/cmTC_b5493.dir/CheckSymbolExists.cxx.o -c /build/KLEE/CMakeFiles/CMakeTmp/CheckSymbolExists.cxx
Linking CXX executable cmTC_b5493
/usr/bin/cmake -E cmake_link_script CMakeFiles/cmTC_b5493.dir/link.txt --verbose=1
/usr/bin/c++   -Wall -Wextra -Wno-unused-parameter     -rdynamic CMakeFiles/cmTC_b5493.dir/CheckSymbolExists.cxx.o  -o cmTC_b5493 
make[1]: Leaving directory '/build/KLEE/CMakeFiles/CMakeTmp'

File /build/KLEE/CMakeFiles/CMakeTmp/CheckSymbolExists.cxx:
/* */
#include <malloc.h>

int main(int argc, char** argv)
{
  (void)argv;
#ifndef mallinfo
  return ((int*)(&mallinfo))[argc];
#else
  (void)argc;
  return 0;
#endif
}

Determining if the include file sys/statfs.h exists passed with the following output:
Change Dir: /build/KLEE/CMakeFiles/CMakeTmp

Run Build Command:"/usr/bin/make" "cmTC_b8a74/fast"
/usr/bin/make -f CMakeFiles/cmTC_b8a74.dir/build.make CMakeFiles/cmTC_b8a74.dir/build
make[1]: Entering directory '/build/KLEE/CMakeFiles/CMakeTmp'
Building C object CMakeFiles/cmTC_b8a74.dir/CheckIncludeFile.c.o
/usr/bin/cc   -Wall -Wextra -Wno-unused-parameter    -o CMakeFiles/cmTC_b8a74.dir/CheckIncludeFile.c.o   -c /build/KLEE/CMakeFiles/CMakeTmp/CheckIncludeFile.c
Linking C executable cmTC_b8a74
/usr/bin/cmake -E cmake_link_script CMakeFiles/cmTC_b8a74.dir/link.txt --verbose=1
/usr/bin/cc  -Wall -Wextra -Wno-unused-parameter     -rdynamic CMakeFiles/cmTC_b8a74.dir/CheckIncludeFile.c.o  -o cmTC_b8a74 
make[1]: Leaving directory '/build/KLEE/CMakeFiles/CMakeTmp'


Determining if the include file pthread.h exists passed with the following output:
Change Dir: /build/KLEE/CMakeFiles/CMakeTmp

Run Build Command:"/usr/bin/make" "cmTC_a80ac/fast"
/usr/bin/make -f CMakeFiles/cmTC_a80ac.dir/build.make CMakeFiles/cmTC_a80ac.dir/build
make[1]: Entering directory '/build/KLEE/CMakeFiles/CMakeTmp'
Building C object CMakeFiles/cmTC_a80ac.dir/CheckIncludeFile.c.o
/usr/bin/cc   -Wall -Wextra -Wno-unused-parameter    -o CMakeFiles/cmTC_a80ac.dir/CheckIncludeFile.c.o   -c /build/KLEE/CMakeFiles/CMakeTmp/CheckIncludeFile.c
Linking C executable cmTC_a80ac
/usr/bin/cmake -E cmake_link_script CMakeFiles/cmTC_a80ac.dir/link.txt --verbose=1
/usr/bin/cc  -Wall -Wextra -Wno-unused-parameter     -rdynamic CMakeFiles/cmTC_a80ac.dir/CheckIncludeFile.c.o  -o cmTC_a80ac 
make[1]: Leaving directory '/build/KLEE/CMakeFiles/CMakeTmp'


Determining if the function pthread_create exists in the pthread passed with the following output:
Change Dir: /build/KLEE/CMakeFiles/CMakeTmp

Run Build Command:"/usr/bin/make" "cmTC_7c66a/fast"
/usr/bin/make -f CMakeFiles/cmTC_7c66a.dir/build.make CMakeFiles/cmTC_7c66a.dir/build
make[1]: Entering directory '/build/KLEE/CMakeFiles/CMakeTmp'
Building C object CMakeFiles/cmTC_7c66a.dir/CheckFunctionExists.c.o
/usr/bin/cc   -Wall -Wextra -Wno-unused-parameter -DCHECK_FUNCTION_EXISTS=pthread_create   -o CMakeFiles/cmTC_7c66a.dir/CheckFunctionExists.c.o   -c /usr/share/cmake-3.10/Modules/CheckFunctionExists.c
Linking C executable cmTC_7c66a
/usr/bin/cmake -E cmake_link_script CMakeFiles/cmTC_7c66a.dir/link.txt --verbose=1
/usr/bin/cc  -Wall -Wextra -Wno-unused-parameter -DCHECK_FUNCTION_EXISTS=pthread_create    -rdynamic CMakeFiles/cmTC_7c66a.dir/CheckFunctionExists.c.o  -o cmTC_7c66a -lpthread 
make[1]: Leaving directory '/build/KLEE/CMakeFiles/CMakeTmp'


